<?xml version="1.0" encoding="UTF-8"?>
<!-- Generated by org.testng.reporters.JUnitXMLReporter -->
<testsuite hostname="DESKTOP-7BM582H" failures="0" tests="3" name="Default test" time="3.391" errors="0" timestamp="6 Oct 2018 05:28:02 GMT">
  <testcase classname="com.qa.tests.GetAPITest" name="getAPITest" time="1.537"/>
  <testcase classname="com.qa.tests.GetAPITest" name="getAPTOneUserTest" time="0.86"/>
  <testcase classname="com.qa.tests.GetAPITest" name="getAPTUserNotFoundTest" time="0.949"/>
</testsuite> <!-- Default test -->
