<?xml version="1.0" encoding="UTF-8"?>
<!-- Generated by org.testng.reporters.JUnitXMLReporter -->
<testsuite hostname="DESKTOP-7BM582H" failures="0" tests="3" name="Free CRM" time="4.777" errors="0" timestamp="6 Oct 2018 12:14:15 GMT">
  <testcase classname="com.qa.tests.GetAPITest" name="getAPITest" time="2.985"/>
  <testcase classname="com.qa.tests.GetAPITest" name="getAPTOneUserTest" time="0.783"/>
  <testcase classname="com.qa.tests.GetAPITest" name="getAPTUserNotFoundTest" time="0.952"/>
</testsuite> <!-- Free CRM -->
