<?xml version="1.0" encoding="UTF-8"?>
<testng-results total="3" passed="3" failed="0" skipped="0">
  <reporter-output>
  </reporter-output>
  <suite started-at="2018-10-06T05:27:59Z" name="Default suite" finished-at="2018-10-06T05:28:02Z" duration-ms="3391">
    <groups>
    </groups>
    <test started-at="2018-10-06T05:27:59Z" name="Default test" finished-at="2018-10-06T05:28:02Z" duration-ms="3391">
      <class name="com.qa.tests.GetAPITest">
        <test-method is-config="true" signature="setUp()[pri:0, instance:com.qa.tests.GetAPITest@45b4c3a9]" started-at="2018-10-06T10:57:59Z" name="setUp" finished-at="2018-10-06T10:57:59Z" duration-ms="16" status="PASS">
          <reporter-output>
          </reporter-output>
        </test-method> <!-- setUp -->
        <test-method signature="getAPITest()[pri:0, instance:com.qa.tests.GetAPITest@45b4c3a9]" started-at="2018-10-06T10:57:59Z" name="getAPITest" finished-at="2018-10-06T10:58:00Z" duration-ms="1537" status="PASS">
          <reporter-output>
          </reporter-output>
        </test-method> <!-- getAPITest -->
        <test-method is-config="true" signature="setUp()[pri:0, instance:com.qa.tests.GetAPITest@45b4c3a9]" started-at="2018-10-06T10:58:00Z" name="setUp" finished-at="2018-10-06T10:58:00Z" duration-ms="1" status="PASS">
          <reporter-output>
          </reporter-output>
        </test-method> <!-- setUp -->
        <test-method signature="getAPTOneUserTest()[pri:0, instance:com.qa.tests.GetAPITest@45b4c3a9]" started-at="2018-10-06T10:58:00Z" name="getAPTOneUserTest" finished-at="2018-10-06T10:58:01Z" duration-ms="860" status="PASS">
          <reporter-output>
          </reporter-output>
        </test-method> <!-- getAPTOneUserTest -->
        <test-method is-config="true" signature="setUp()[pri:0, instance:com.qa.tests.GetAPITest@45b4c3a9]" started-at="2018-10-06T10:58:01Z" name="setUp" finished-at="2018-10-06T10:58:01Z" duration-ms="3" status="PASS">
          <reporter-output>
          </reporter-output>
        </test-method> <!-- setUp -->
        <test-method signature="getAPTUserNotFoundTest()[pri:0, instance:com.qa.tests.GetAPITest@45b4c3a9]" started-at="2018-10-06T10:58:01Z" name="getAPTUserNotFoundTest" finished-at="2018-10-06T10:58:02Z" duration-ms="949" status="PASS">
          <reporter-output>
          </reporter-output>
        </test-method> <!-- getAPTUserNotFoundTest -->
      </class> <!-- com.qa.tests.GetAPITest -->
    </test> <!-- Default test -->
  </suite> <!-- Default suite -->
</testng-results>
