<?xml version="1.0" encoding="UTF-8"?>
<testng-results total="2" passed="2" failed="0" skipped="0">
  <reporter-output>
  </reporter-output>
  <suite started-at="2018-10-11T08:46:53Z" name="Default suite" finished-at="2018-10-11T08:46:55Z" duration-ms="2456">
    <groups>
    </groups>
    <test started-at="2018-10-11T08:46:53Z" name="Default test" finished-at="2018-10-11T08:46:55Z" duration-ms="2456">
      <class name="com.qa.tests.GetAPITest">
        <test-method is-config="true" signature="setUp()[pri:0, instance:com.qa.tests.GetAPITest@7494f96a]" started-at="2018-10-11T14:16:53Z" name="setUp" finished-at="2018-10-11T14:16:53Z" duration-ms="4" status="PASS">
          <reporter-output>
          </reporter-output>
        </test-method> <!-- setUp -->
        <test-method signature="getAPIWithHeaderTest()[pri:0, instance:com.qa.tests.GetAPITest@7494f96a]" started-at="2018-10-11T14:16:53Z" name="getAPIWithHeaderTest" finished-at="2018-10-11T14:16:54Z" duration-ms="1576" status="PASS">
          <reporter-output>
          </reporter-output>
        </test-method> <!-- getAPIWithHeaderTest -->
        <test-method signature="getAPIWithoutHeaderTest()[pri:0, instance:com.qa.tests.GetAPITest@7494f96a]" started-at="2018-10-11T14:16:54Z" name="getAPIWithoutHeaderTest" finished-at="2018-10-11T14:16:55Z" duration-ms="854" status="PASS">
          <reporter-output>
          </reporter-output>
        </test-method> <!-- getAPIWithoutHeaderTest -->
        <test-method is-config="true" signature="setUp()[pri:0, instance:com.qa.tests.GetAPITest@7494f96a]" started-at="2018-10-11T14:16:54Z" name="setUp" finished-at="2018-10-11T14:16:54Z" duration-ms="0" status="PASS">
          <reporter-output>
          </reporter-output>
        </test-method> <!-- setUp -->
      </class> <!-- com.qa.tests.GetAPITest -->
    </test> <!-- Default test -->
  </suite> <!-- Default suite -->
</testng-results>
